[2024-06-09 23:29:36.036][INFO ][org.hibernate.validator.internal.util.Version][background-preinit][21]HV000001: Hibernate Validator 6.0.13.Final
[2024-06-09 23:29:36.036][INFO ][org.springframework.boot.StartupInfoLogger][restartedMain][55]Starting Challenge4Application using Java 18.0.2 on LAPTOP-LGPATFI4 with PID 6724 (C:\Users\Affu\Downloads\B7 Binar_Backend Java\F-BJV24001114-synrgy7-affu-rst-Challenge 4\target\classes started by Affu in C:\Users\Affu\Downloads\B7 Binar_Backend Java\F-BJV24001114-synrgy7-affu-rst-Challenge 4)
[2024-06-09 23:29:36.036][INFO ][org.springframework.boot.SpringApplication][restartedMain][631]No active profile set, falling back to 1 default profile: "default"
[2024-06-09 23:29:36.036][INFO ][org.springframework.boot.logging.DeferredLog][restartedMain][255]Devtools property defaults active! Set 'spring.devtools.add-properties' to 'false' to disable
[2024-06-09 23:29:36.036][INFO ][org.springframework.boot.logging.DeferredLog][restartedMain][255]For additional web related logging consider setting the 'logging.level.web' property to 'DEBUG'
[2024-06-09 23:29:38.038][INFO ][org.springframework.data.repository.config.RepositoryConfigurationDelegate][restartedMain][132]Bootstrapping Spring Data JPA repositories in DEFAULT mode.
[2024-06-09 23:29:38.038][INFO ][org.springframework.data.repository.config.RepositoryConfigurationDelegate][restartedMain][201]Finished Spring Data repository scanning in 61 ms. Found 5 JPA repository interfaces.
[2024-06-09 23:29:38.038][INFO ][org.springframework.boot.web.embedded.tomcat.TomcatWebServer][restartedMain][108]Tomcat initialized with port(s): 8080 (http)
[2024-06-09 23:29:38.038][INFO ][org.apache.juli.logging.DirectJDKLog][restartedMain][173]Initializing ProtocolHandler ["http-nio-8080"]
[2024-06-09 23:29:38.038][INFO ][org.apache.juli.logging.DirectJDKLog][restartedMain][173]Starting service [Tomcat]
[2024-06-09 23:29:38.038][INFO ][org.apache.juli.logging.DirectJDKLog][restartedMain][173]Starting Servlet engine: [Apache Tomcat/9.0.78]
[2024-06-09 23:29:39.039][INFO ][org.apache.juli.logging.DirectJDKLog][restartedMain][173]Initializing Spring embedded WebApplicationContext
[2024-06-09 23:29:39.039][INFO ][org.springframework.boot.web.servlet.context.ServletWebServerApplicationContext][restartedMain][292]Root WebApplicationContext: initialization completed in 2238 ms
[2024-06-09 23:29:39.039][WARN ][org.springframework.context.support.AbstractApplicationContext][restartedMain][591]Exception encountered during context initialization - cancelling refresh attempt: org.springframework.beans.factory.UnsatisfiedDependencyException: Error creating bean with name 'dataSourceScriptDatabaseInitializer' defined in class path resource [org/springframework/boot/autoconfigure/sql/init/DataSourceInitializationConfiguration.class]: Unsatisfied dependency expressed through method 'dataSourceScriptDatabaseInitializer' parameter 0; nested exception is org.springframework.beans.factory.BeanCreationException: Error creating bean with name 'dataSource' defined in class path resource [org/springframework/boot/autoconfigure/jdbc/DataSourceConfiguration$Hikari.class]: Bean instantiation via factory method failed; nested exception is org.springframework.beans.BeanInstantiationException: Failed to instantiate [com.zaxxer.hikari.HikariDataSource]: Factory method 'dataSource' threw exception; nested exception is org.springframework.boot.autoconfigure.jdbc.DataSourceProperties$DataSourceBeanCreationException: Failed to determine a suitable driver class
[2024-06-09 23:29:39.039][INFO ][org.apache.juli.logging.DirectJDKLog][restartedMain][173]Stopping service [Tomcat]
[2024-06-09 23:29:39.039][INFO ][org.springframework.boot.autoconfigure.logging.ConditionEvaluationReportLoggingListener][restartedMain][136]

Error starting ApplicationContext. To display the conditions report re-run your application with 'debug' enabled.
[2024-06-09 23:29:39.039][ERROR][org.springframework.boot.diagnostics.LoggingFailureAnalysisReporter][restartedMain][40]

***************************
APPLICATION FAILED TO START
***************************

Description:

Failed to configure a DataSource: 'url' attribute is not specified and no embedded datasource could be configured.

Reason: Failed to determine a suitable driver class


Action:

Consider the following:
	If you want an embedded database (H2, HSQL or Derby), please put it on the classpath.
	If you have database settings to be loaded from a particular profile you may need to activate it (no profiles are currently active).

[2024-06-09 23:33:31.031][INFO ][org.hibernate.validator.internal.util.Version][background-preinit][21]HV000001: Hibernate Validator 6.0.13.Final
[2024-06-09 23:33:31.031][INFO ][org.springframework.boot.StartupInfoLogger][restartedMain][55]Starting Challenge4Application using Java 18.0.2 on LAPTOP-LGPATFI4 with PID 11356 (C:\Users\Affu\Downloads\B7 Binar_Backend Java\F-BJV24001114-synrgy7-affu-rst-Challenge 4\target\classes started by Affu in C:\Users\Affu\Downloads\B7 Binar_Backend Java\F-BJV24001114-synrgy7-affu-rst-Challenge 4)
[2024-06-09 23:33:31.031][INFO ][org.springframework.boot.SpringApplication][restartedMain][631]No active profile set, falling back to 1 default profile: "default"
[2024-06-09 23:33:31.031][INFO ][org.springframework.boot.logging.DeferredLog][restartedMain][255]Devtools property defaults active! Set 'spring.devtools.add-properties' to 'false' to disable
[2024-06-09 23:33:31.031][INFO ][org.springframework.boot.logging.DeferredLog][restartedMain][255]For additional web related logging consider setting the 'logging.level.web' property to 'DEBUG'
[2024-06-09 23:33:32.032][INFO ][org.springframework.data.repository.config.RepositoryConfigurationDelegate][restartedMain][132]Bootstrapping Spring Data JPA repositories in DEFAULT mode.
[2024-06-09 23:33:32.032][INFO ][org.springframework.data.repository.config.RepositoryConfigurationDelegate][restartedMain][201]Finished Spring Data repository scanning in 72 ms. Found 5 JPA repository interfaces.
[2024-06-09 23:33:33.033][INFO ][org.springframework.boot.web.embedded.tomcat.TomcatWebServer][restartedMain][108]Tomcat initialized with port(s): 8080 (http)
[2024-06-09 23:33:33.033][INFO ][org.apache.juli.logging.DirectJDKLog][restartedMain][173]Initializing ProtocolHandler ["http-nio-8080"]
[2024-06-09 23:33:33.033][INFO ][org.apache.juli.logging.DirectJDKLog][restartedMain][173]Starting service [Tomcat]
[2024-06-09 23:33:33.033][INFO ][org.apache.juli.logging.DirectJDKLog][restartedMain][173]Starting Servlet engine: [Apache Tomcat/9.0.78]
[2024-06-09 23:33:33.033][INFO ][org.apache.juli.logging.DirectJDKLog][restartedMain][173]Initializing Spring embedded WebApplicationContext
[2024-06-09 23:33:33.033][INFO ][org.springframework.boot.web.servlet.context.ServletWebServerApplicationContext][restartedMain][292]Root WebApplicationContext: initialization completed in 1674 ms
[2024-06-09 23:33:33.033][WARN ][org.springframework.context.support.AbstractApplicationContext][restartedMain][591]Exception encountered during context initialization - cancelling refresh attempt: org.springframework.beans.factory.UnsatisfiedDependencyException: Error creating bean with name 'dataSourceScriptDatabaseInitializer' defined in class path resource [org/springframework/boot/autoconfigure/sql/init/DataSourceInitializationConfiguration.class]: Unsatisfied dependency expressed through method 'dataSourceScriptDatabaseInitializer' parameter 0; nested exception is org.springframework.beans.factory.BeanCreationException: Error creating bean with name 'dataSource' defined in class path resource [org/springframework/boot/autoconfigure/jdbc/DataSourceConfiguration$Hikari.class]: Bean instantiation via factory method failed; nested exception is org.springframework.beans.BeanInstantiationException: Failed to instantiate [com.zaxxer.hikari.HikariDataSource]: Factory method 'dataSource' threw exception; nested exception is org.springframework.boot.autoconfigure.jdbc.DataSourceProperties$DataSourceBeanCreationException: Failed to determine a suitable driver class
[2024-06-09 23:33:33.033][INFO ][org.apache.juli.logging.DirectJDKLog][restartedMain][173]Stopping service [Tomcat]
[2024-06-09 23:33:33.033][INFO ][org.springframework.boot.autoconfigure.logging.ConditionEvaluationReportLoggingListener][restartedMain][136]

Error starting ApplicationContext. To display the conditions report re-run your application with 'debug' enabled.
[2024-06-09 23:33:33.033][ERROR][org.springframework.boot.diagnostics.LoggingFailureAnalysisReporter][restartedMain][40]

***************************
APPLICATION FAILED TO START
***************************

Description:

Failed to configure a DataSource: 'url' attribute is not specified and no embedded datasource could be configured.

Reason: Failed to determine a suitable driver class


Action:

Consider the following:
	If you want an embedded database (H2, HSQL or Derby), please put it on the classpath.
	If you have database settings to be loaded from a particular profile you may need to activate it (no profiles are currently active).

[2024-06-09 23:35:43.043][INFO ][org.hibernate.validator.internal.util.Version][background-preinit][21]HV000001: Hibernate Validator 6.0.13.Final
[2024-06-09 23:35:43.043][INFO ][org.springframework.boot.StartupInfoLogger][restartedMain][55]Starting Challenge4Application using Java 18.0.2 on LAPTOP-LGPATFI4 with PID 17288 (C:\Users\Affu\Downloads\B7 Binar_Backend Java\F-BJV24001114-synrgy7-affu-rst-Challenge 4\target\classes started by Affu in C:\Users\Affu\Downloads\B7 Binar_Backend Java\F-BJV24001114-synrgy7-affu-rst-Challenge 4)
[2024-06-09 23:35:43.043][INFO ][org.springframework.boot.SpringApplication][restartedMain][631]No active profile set, falling back to 1 default profile: "default"
[2024-06-09 23:35:43.043][INFO ][org.springframework.boot.logging.DeferredLog][restartedMain][255]Devtools property defaults active! Set 'spring.devtools.add-properties' to 'false' to disable
[2024-06-09 23:35:43.043][INFO ][org.springframework.boot.logging.DeferredLog][restartedMain][255]For additional web related logging consider setting the 'logging.level.web' property to 'DEBUG'
[2024-06-09 23:35:43.043][INFO ][org.springframework.data.repository.config.RepositoryConfigurationDelegate][restartedMain][132]Bootstrapping Spring Data JPA repositories in DEFAULT mode.
[2024-06-09 23:35:44.044][INFO ][org.springframework.data.repository.config.RepositoryConfigurationDelegate][restartedMain][201]Finished Spring Data repository scanning in 62 ms. Found 5 JPA repository interfaces.
[2024-06-09 23:35:44.044][INFO ][org.springframework.boot.web.embedded.tomcat.TomcatWebServer][restartedMain][108]Tomcat initialized with port(s): 8080 (http)
[2024-06-09 23:35:44.044][INFO ][org.apache.juli.logging.DirectJDKLog][restartedMain][173]Initializing ProtocolHandler ["http-nio-8080"]
[2024-06-09 23:35:44.044][INFO ][org.apache.juli.logging.DirectJDKLog][restartedMain][173]Starting service [Tomcat]
[2024-06-09 23:35:44.044][INFO ][org.apache.juli.logging.DirectJDKLog][restartedMain][173]Starting Servlet engine: [Apache Tomcat/9.0.78]
[2024-06-09 23:35:44.044][INFO ][org.apache.juli.logging.DirectJDKLog][restartedMain][173]Initializing Spring embedded WebApplicationContext
[2024-06-09 23:35:44.044][INFO ][org.springframework.boot.web.servlet.context.ServletWebServerApplicationContext][restartedMain][292]Root WebApplicationContext: initialization completed in 1687 ms
[2024-06-09 23:35:45.045][INFO ][org.hibernate.jpa.internal.util.LogHelper][restartedMain][31]HHH000204: Processing PersistenceUnitInfo [name: default]
[2024-06-09 23:35:45.045][INFO ][org.hibernate.Version][restartedMain][44]HHH000412: Hibernate ORM core version 5.6.15.Final
[2024-06-09 23:35:45.045][INFO ][org.hibernate.annotations.common.reflection.java.JavaReflectionManager][restartedMain][56]HCANN000001: Hibernate Commons Annotations {5.1.2.Final}
[2024-06-09 23:35:45.045][INFO ][com.zaxxer.hikari.HikariDataSource][restartedMain][110]HikariPool-1 - Starting...
[2024-06-09 23:35:45.045][INFO ][com.zaxxer.hikari.HikariDataSource][restartedMain][123]HikariPool-1 - Start completed.
[2024-06-09 23:35:45.045][INFO ][org.hibernate.dialect.Dialect][restartedMain][175]HHH000400: Using dialect: org.hibernate.dialect.PostgreSQL10Dialect
[2024-06-09 23:35:46.046][INFO ][org.hibernate.engine.transaction.jta.platform.internal.JtaPlatformInitiator][restartedMain][52]HHH000490: Using JtaPlatform implementation: [org.hibernate.engine.transaction.jta.platform.internal.NoJtaPlatform]
[2024-06-09 23:35:46.046][INFO ][org.springframework.orm.jpa.AbstractEntityManagerFactoryBean][restartedMain][437]Initialized JPA EntityManagerFactory for persistence unit 'default'
[2024-06-09 23:35:47.047][WARN ][org.springframework.boot.autoconfigure.orm.jpa.JpaBaseConfiguration$JpaWebConfiguration][restartedMain][223]spring.jpa.open-in-view is enabled by default. Therefore, database queries may be performed during view rendering. Explicitly configure spring.jpa.open-in-view to disable this warning
[2024-06-09 23:35:47.047][WARN ][org.springframework.boot.autoconfigure.thymeleaf.ThymeleafAutoConfiguration$DefaultTemplateResolverConfiguration][restartedMain][103]Cannot find template location: classpath:/templates/ (please add some templates, check your Thymeleaf configuration, or set spring.thymeleaf.check-template-location=false)
[2024-06-09 23:35:47.047][INFO ][org.springframework.boot.devtools.autoconfigure.OptionalLiveReloadServer][restartedMain][59]LiveReload server is running on port 35729
[2024-06-09 23:35:47.047][INFO ][org.apache.juli.logging.DirectJDKLog][restartedMain][173]Starting ProtocolHandler ["http-nio-8080"]
[2024-06-09 23:35:47.047][INFO ][org.springframework.boot.web.embedded.tomcat.TomcatWebServer][restartedMain][220]Tomcat started on port(s): 8080 (http) with context path ''
[2024-06-09 23:35:47.047][INFO ][org.springframework.boot.StartupInfoLogger][restartedMain][61]Started Challenge4Application in 5.135 seconds (JVM running for 5.593)
[2024-06-09 23:37:13.013][INFO ][org.springframework.orm.jpa.AbstractEntityManagerFactoryBean][SpringApplicationShutdownHook][651]Closing JPA EntityManagerFactory for persistence unit 'default'
[2024-06-09 23:37:13.013][INFO ][com.zaxxer.hikari.HikariDataSource][SpringApplicationShutdownHook][350]HikariPool-1 - Shutdown initiated...
[2024-06-09 23:37:13.013][INFO ][com.zaxxer.hikari.HikariDataSource][SpringApplicationShutdownHook][352]HikariPool-1 - Shutdown completed.
[2024-06-09 23:38:21.021][INFO ][org.hibernate.validator.internal.util.Version][background-preinit][21]HV000001: Hibernate Validator 6.0.13.Final
[2024-06-09 23:38:21.021][INFO ][org.springframework.boot.StartupInfoLogger][restartedMain][55]Starting Challenge4Application using Java 18.0.2 on LAPTOP-LGPATFI4 with PID 23284 (C:\Users\Affu\Downloads\B7 Binar_Backend Java\F-BJV24001114-synrgy7-affu-rst-Challenge 4\target\classes started by Affu in C:\Users\Affu\Downloads\B7 Binar_Backend Java\F-BJV24001114-synrgy7-affu-rst-Challenge 4)
[2024-06-09 23:38:21.021][INFO ][org.springframework.boot.SpringApplication][restartedMain][631]No active profile set, falling back to 1 default profile: "default"
[2024-06-09 23:38:22.022][INFO ][org.springframework.boot.logging.DeferredLog][restartedMain][255]Devtools property defaults active! Set 'spring.devtools.add-properties' to 'false' to disable
[2024-06-09 23:38:22.022][INFO ][org.springframework.boot.logging.DeferredLog][restartedMain][255]For additional web related logging consider setting the 'logging.level.web' property to 'DEBUG'
[2024-06-09 23:38:22.022][INFO ][org.springframework.data.repository.config.RepositoryConfigurationDelegate][restartedMain][132]Bootstrapping Spring Data JPA repositories in DEFAULT mode.
[2024-06-09 23:38:22.022][INFO ][org.springframework.data.repository.config.RepositoryConfigurationDelegate][restartedMain][201]Finished Spring Data repository scanning in 52 ms. Found 5 JPA repository interfaces.
[2024-06-09 23:38:23.023][INFO ][org.springframework.boot.web.embedded.tomcat.TomcatWebServer][restartedMain][108]Tomcat initialized with port(s): 8080 (http)
[2024-06-09 23:38:23.023][INFO ][org.apache.juli.logging.DirectJDKLog][restartedMain][173]Initializing ProtocolHandler ["http-nio-8080"]
[2024-06-09 23:38:23.023][INFO ][org.apache.juli.logging.DirectJDKLog][restartedMain][173]Starting service [Tomcat]
[2024-06-09 23:38:23.023][INFO ][org.apache.juli.logging.DirectJDKLog][restartedMain][173]Starting Servlet engine: [Apache Tomcat/9.0.78]
[2024-06-09 23:38:23.023][INFO ][org.apache.juli.logging.DirectJDKLog][restartedMain][173]Initializing Spring embedded WebApplicationContext
[2024-06-09 23:38:23.023][INFO ][org.springframework.boot.web.servlet.context.ServletWebServerApplicationContext][restartedMain][292]Root WebApplicationContext: initialization completed in 1664 ms
[2024-06-09 23:38:23.023][INFO ][org.hibernate.jpa.internal.util.LogHelper][restartedMain][31]HHH000204: Processing PersistenceUnitInfo [name: default]
[2024-06-09 23:38:23.023][INFO ][org.hibernate.Version][restartedMain][44]HHH000412: Hibernate ORM core version 5.6.15.Final
[2024-06-09 23:38:24.024][INFO ][org.hibernate.annotations.common.reflection.java.JavaReflectionManager][restartedMain][56]HCANN000001: Hibernate Commons Annotations {5.1.2.Final}
[2024-06-09 23:38:24.024][INFO ][com.zaxxer.hikari.HikariDataSource][restartedMain][110]HikariPool-1 - Starting...
[2024-06-09 23:38:24.024][INFO ][com.zaxxer.hikari.HikariDataSource][restartedMain][123]HikariPool-1 - Start completed.
[2024-06-09 23:38:24.024][INFO ][org.hibernate.dialect.Dialect][restartedMain][175]HHH000400: Using dialect: org.hibernate.dialect.PostgreSQL10Dialect
[2024-06-09 23:38:25.025][INFO ][org.hibernate.engine.transaction.jta.platform.internal.JtaPlatformInitiator][restartedMain][52]HHH000490: Using JtaPlatform implementation: [org.hibernate.engine.transaction.jta.platform.internal.NoJtaPlatform]
[2024-06-09 23:38:25.025][INFO ][org.springframework.orm.jpa.AbstractEntityManagerFactoryBean][restartedMain][437]Initialized JPA EntityManagerFactory for persistence unit 'default'
[2024-06-09 23:38:25.025][WARN ][org.springframework.boot.autoconfigure.orm.jpa.JpaBaseConfiguration$JpaWebConfiguration][restartedMain][223]spring.jpa.open-in-view is enabled by default. Therefore, database queries may be performed during view rendering. Explicitly configure spring.jpa.open-in-view to disable this warning
[2024-06-09 23:38:26.026][WARN ][org.springframework.boot.autoconfigure.thymeleaf.ThymeleafAutoConfiguration$DefaultTemplateResolverConfiguration][restartedMain][103]Cannot find template location: classpath:/templates/ (please add some templates, check your Thymeleaf configuration, or set spring.thymeleaf.check-template-location=false)
[2024-06-09 23:38:26.026][INFO ][org.springframework.boot.devtools.autoconfigure.OptionalLiveReloadServer][restartedMain][59]LiveReload server is running on port 35729
[2024-06-09 23:38:26.026][INFO ][org.apache.juli.logging.DirectJDKLog][restartedMain][173]Starting ProtocolHandler ["http-nio-8080"]
[2024-06-09 23:38:26.026][INFO ][org.springframework.boot.web.embedded.tomcat.TomcatWebServer][restartedMain][220]Tomcat started on port(s): 8080 (http) with context path ''
[2024-06-09 23:38:26.026][INFO ][org.springframework.boot.StartupInfoLogger][restartedMain][61]Started Challenge4Application in 4.974 seconds (JVM running for 5.459)
[2024-06-09 23:38:26.026][INFO ][com.Binar.Challenge4.Challenge4Application][restartedMain][15]info logging level
[2024-06-09 23:38:26.026][ERROR][com.Binar.Challenge4.Challenge4Application][restartedMain][16]eror logging level
[2024-06-09 23:38:26.026][WARN ][com.Binar.Challenge4.Challenge4Application][restartedMain][17]warning logging level
[2024-06-09 23:38:26.026][ERROR][com.Binar.Challenge4.Challenge4Application][restartedMain][20]Error processing request
[2024-06-09 23:39:44.044][INFO ][org.springframework.orm.jpa.AbstractEntityManagerFactoryBean][SpringApplicationShutdownHook][651]Closing JPA EntityManagerFactory for persistence unit 'default'
[2024-06-09 23:39:44.044][INFO ][com.zaxxer.hikari.HikariDataSource][SpringApplicationShutdownHook][350]HikariPool-1 - Shutdown initiated...
[2024-06-09 23:39:44.044][INFO ][com.zaxxer.hikari.HikariDataSource][SpringApplicationShutdownHook][352]HikariPool-1 - Shutdown completed.
[2024-06-09 23:39:47.047][INFO ][org.hibernate.validator.internal.util.Version][background-preinit][21]HV000001: Hibernate Validator 6.0.13.Final
[2024-06-09 23:39:47.047][INFO ][org.springframework.boot.StartupInfoLogger][restartedMain][55]Starting Challenge4Application using Java 18.0.2 on LAPTOP-LGPATFI4 with PID 22060 (C:\Users\Affu\Downloads\B7 Binar_Backend Java\F-BJV24001114-synrgy7-affu-rst-Challenge 4\target\classes started by Affu in C:\Users\Affu\Downloads\B7 Binar_Backend Java\F-BJV24001114-synrgy7-affu-rst-Challenge 4)
[2024-06-09 23:39:47.047][INFO ][org.springframework.boot.SpringApplication][restartedMain][631]No active profile set, falling back to 1 default profile: "default"
[2024-06-09 23:39:47.047][INFO ][org.springframework.boot.logging.DeferredLog][restartedMain][255]Devtools property defaults active! Set 'spring.devtools.add-properties' to 'false' to disable
[2024-06-09 23:39:47.047][INFO ][org.springframework.boot.logging.DeferredLog][restartedMain][255]For additional web related logging consider setting the 'logging.level.web' property to 'DEBUG'
[2024-06-09 23:39:47.047][INFO ][org.springframework.data.repository.config.RepositoryConfigurationDelegate][restartedMain][132]Bootstrapping Spring Data JPA repositories in DEFAULT mode.
[2024-06-09 23:39:48.048][INFO ][org.springframework.data.repository.config.RepositoryConfigurationDelegate][restartedMain][201]Finished Spring Data repository scanning in 74 ms. Found 5 JPA repository interfaces.
[2024-06-09 23:39:48.048][INFO ][org.springframework.boot.web.embedded.tomcat.TomcatWebServer][restartedMain][108]Tomcat initialized with port(s): 8085 (http)
[2024-06-09 23:39:48.048][INFO ][org.apache.juli.logging.DirectJDKLog][restartedMain][173]Initializing ProtocolHandler ["http-nio-8085"]
[2024-06-09 23:39:48.048][INFO ][org.apache.juli.logging.DirectJDKLog][restartedMain][173]Starting service [Tomcat]
[2024-06-09 23:39:48.048][INFO ][org.apache.juli.logging.DirectJDKLog][restartedMain][173]Starting Servlet engine: [Apache Tomcat/9.0.78]
[2024-06-09 23:39:48.048][INFO ][org.apache.juli.logging.DirectJDKLog][restartedMain][173]Initializing Spring embedded WebApplicationContext
[2024-06-09 23:39:48.048][INFO ][org.springframework.boot.web.servlet.context.ServletWebServerApplicationContext][restartedMain][292]Root WebApplicationContext: initialization completed in 1722 ms
[2024-06-09 23:39:49.049][INFO ][org.hibernate.jpa.internal.util.LogHelper][restartedMain][31]HHH000204: Processing PersistenceUnitInfo [name: default]
[2024-06-09 23:39:49.049][INFO ][org.hibernate.Version][restartedMain][44]HHH000412: Hibernate ORM core version 5.6.15.Final
[2024-06-09 23:39:49.049][INFO ][org.hibernate.annotations.common.reflection.java.JavaReflectionManager][restartedMain][56]HCANN000001: Hibernate Commons Annotations {5.1.2.Final}
[2024-06-09 23:39:49.049][INFO ][com.zaxxer.hikari.HikariDataSource][restartedMain][110]HikariPool-1 - Starting...
[2024-06-09 23:39:49.049][INFO ][com.zaxxer.hikari.HikariDataSource][restartedMain][123]HikariPool-1 - Start completed.
[2024-06-09 23:39:49.049][INFO ][org.hibernate.dialect.Dialect][restartedMain][175]HHH000400: Using dialect: org.hibernate.dialect.PostgreSQL10Dialect
[2024-06-09 23:39:50.050][INFO ][org.hibernate.engine.transaction.jta.platform.internal.JtaPlatformInitiator][restartedMain][52]HHH000490: Using JtaPlatform implementation: [org.hibernate.engine.transaction.jta.platform.internal.NoJtaPlatform]
[2024-06-09 23:39:50.050][INFO ][org.springframework.orm.jpa.AbstractEntityManagerFactoryBean][restartedMain][437]Initialized JPA EntityManagerFactory for persistence unit 'default'
[2024-06-09 23:39:50.050][WARN ][org.springframework.boot.autoconfigure.orm.jpa.JpaBaseConfiguration$JpaWebConfiguration][restartedMain][223]spring.jpa.open-in-view is enabled by default. Therefore, database queries may be performed during view rendering. Explicitly configure spring.jpa.open-in-view to disable this warning
[2024-06-09 23:39:51.051][WARN ][org.springframework.boot.autoconfigure.thymeleaf.ThymeleafAutoConfiguration$DefaultTemplateResolverConfiguration][restartedMain][103]Cannot find template location: classpath:/templates/ (please add some templates, check your Thymeleaf configuration, or set spring.thymeleaf.check-template-location=false)
[2024-06-09 23:39:51.051][INFO ][org.springframework.boot.devtools.autoconfigure.OptionalLiveReloadServer][restartedMain][59]LiveReload server is running on port 35729
[2024-06-09 23:39:51.051][INFO ][org.apache.juli.logging.DirectJDKLog][restartedMain][173]Starting ProtocolHandler ["http-nio-8085"]
[2024-06-09 23:39:51.051][INFO ][org.springframework.boot.web.embedded.tomcat.TomcatWebServer][restartedMain][220]Tomcat started on port(s): 8085 (http) with context path ''
[2024-06-09 23:39:51.051][INFO ][org.springframework.boot.StartupInfoLogger][restartedMain][61]Started Challenge4Application in 5.251 seconds (JVM running for 5.764)
[2024-06-09 23:39:51.051][INFO ][com.Binar.Challenge4.Challenge4Application][restartedMain][15]info logging level
[2024-06-09 23:39:51.051][ERROR][com.Binar.Challenge4.Challenge4Application][restartedMain][16]eror logging level
[2024-06-09 23:39:51.051][WARN ][com.Binar.Challenge4.Challenge4Application][restartedMain][17]warning logging level
[2024-06-09 23:39:51.051][ERROR][com.Binar.Challenge4.Challenge4Application][restartedMain][20]Error processing request
[2024-06-09 23:40:28.028][INFO ][org.apache.juli.logging.DirectJDKLog][http-nio-8085-exec-1][173]Initializing Spring DispatcherServlet 'dispatcherServlet'
[2024-06-09 23:40:28.028][INFO ][org.springframework.web.servlet.FrameworkServlet][http-nio-8085-exec-1][525]Initializing Servlet 'dispatcherServlet'
[2024-06-09 23:40:28.028][INFO ][org.springframework.web.servlet.FrameworkServlet][http-nio-8085-exec-1][547]Completed initialization in 2 ms
[2024-06-09 23:40:41.041][WARN ][org.hibernate.engine.jdbc.spi.SqlExceptionHelper][http-nio-8085-exec-3][137]SQL Error: 0, SQLState: 23503
[2024-06-09 23:40:41.041][ERROR][org.hibernate.engine.jdbc.spi.SqlExceptionHelper][http-nio-8085-exec-3][142]ERROR: insert or update on table "product" violates foreign key constraint "fk29kmdbv2huj0e5555hiaeyq42"
  Detail: Key (product_id)=(9d9952d0-5e35-4fc8-89c0-0267ecda9a92) is not present in table "merchant".
[2024-06-09 23:40:41.041][INFO ][org.hibernate.engine.jdbc.batch.internal.AbstractBatchImpl][http-nio-8085-exec-3][213]HHH000010: On release of batch it still contained JDBC statements
[2024-06-09 23:57:07.007][INFO ][org.hibernate.validator.internal.util.Version][background-preinit][21]HV000001: Hibernate Validator 6.0.13.Final
[2024-06-09 23:57:07.007][INFO ][org.springframework.boot.StartupInfoLogger][restartedMain][55]Starting Challenge4Application using Java 18.0.2 on LAPTOP-LGPATFI4 with PID 14728 (C:\Users\Affu\Downloads\B7 Binar_Backend Java\F-BJV24001114-synrgy7-affu-rst-Challenge 5\target\classes started by Affu in C:\Users\Affu\Downloads\B7 Binar_Backend Java\F-BJV24001114-synrgy7-affu-rst-Challenge 5)
[2024-06-09 23:57:07.007][INFO ][org.springframework.boot.SpringApplication][restartedMain][631]No active profile set, falling back to 1 default profile: "default"
[2024-06-09 23:57:07.007][INFO ][org.springframework.boot.logging.DeferredLog][restartedMain][255]Devtools property defaults active! Set 'spring.devtools.add-properties' to 'false' to disable
[2024-06-09 23:57:07.007][INFO ][org.springframework.boot.logging.DeferredLog][restartedMain][255]For additional web related logging consider setting the 'logging.level.web' property to 'DEBUG'
[2024-06-09 23:57:08.008][INFO ][org.springframework.data.repository.config.RepositoryConfigurationDelegate][restartedMain][132]Bootstrapping Spring Data JPA repositories in DEFAULT mode.
[2024-06-09 23:57:09.009][INFO ][org.springframework.data.repository.config.RepositoryConfigurationDelegate][restartedMain][201]Finished Spring Data repository scanning in 59 ms. Found 5 JPA repository interfaces.
[2024-06-09 23:57:09.009][INFO ][org.springframework.boot.web.embedded.tomcat.TomcatWebServer][restartedMain][108]Tomcat initialized with port(s): 8085 (http)
[2024-06-09 23:57:09.009][INFO ][org.apache.juli.logging.DirectJDKLog][restartedMain][173]Initializing ProtocolHandler ["http-nio-8085"]
[2024-06-09 23:57:09.009][INFO ][org.apache.juli.logging.DirectJDKLog][restartedMain][173]Starting service [Tomcat]
[2024-06-09 23:57:09.009][INFO ][org.apache.juli.logging.DirectJDKLog][restartedMain][173]Starting Servlet engine: [Apache Tomcat/9.0.78]
[2024-06-09 23:57:09.009][INFO ][org.apache.juli.logging.DirectJDKLog][restartedMain][173]Initializing Spring embedded WebApplicationContext
[2024-06-09 23:57:09.009][INFO ][org.springframework.boot.web.servlet.context.ServletWebServerApplicationContext][restartedMain][292]Root WebApplicationContext: initialization completed in 2004 ms
[2024-06-09 23:57:10.010][INFO ][org.hibernate.jpa.internal.util.LogHelper][restartedMain][31]HHH000204: Processing PersistenceUnitInfo [name: default]
[2024-06-09 23:57:10.010][INFO ][org.hibernate.Version][restartedMain][44]HHH000412: Hibernate ORM core version 5.6.15.Final
[2024-06-09 23:57:10.010][INFO ][org.hibernate.annotations.common.reflection.java.JavaReflectionManager][restartedMain][56]HCANN000001: Hibernate Commons Annotations {5.1.2.Final}
[2024-06-09 23:57:10.010][INFO ][com.zaxxer.hikari.HikariDataSource][restartedMain][110]HikariPool-1 - Starting...
[2024-06-09 23:57:10.010][INFO ][com.zaxxer.hikari.HikariDataSource][restartedMain][123]HikariPool-1 - Start completed.
[2024-06-09 23:57:10.010][INFO ][org.hibernate.dialect.Dialect][restartedMain][175]HHH000400: Using dialect: org.hibernate.dialect.PostgreSQL10Dialect
[2024-06-09 23:57:11.011][INFO ][org.hibernate.engine.transaction.jta.platform.internal.JtaPlatformInitiator][restartedMain][52]HHH000490: Using JtaPlatform implementation: [org.hibernate.engine.transaction.jta.platform.internal.NoJtaPlatform]
[2024-06-09 23:57:11.011][INFO ][org.springframework.orm.jpa.AbstractEntityManagerFactoryBean][restartedMain][437]Initialized JPA EntityManagerFactory for persistence unit 'default'
[2024-06-09 23:57:12.012][WARN ][org.springframework.boot.autoconfigure.orm.jpa.JpaBaseConfiguration$JpaWebConfiguration][restartedMain][223]spring.jpa.open-in-view is enabled by default. Therefore, database queries may be performed during view rendering. Explicitly configure spring.jpa.open-in-view to disable this warning
[2024-06-09 23:57:13.013][WARN ][org.springframework.boot.autoconfigure.thymeleaf.ThymeleafAutoConfiguration$DefaultTemplateResolverConfiguration][restartedMain][103]Cannot find template location: classpath:/templates/ (please add some templates, check your Thymeleaf configuration, or set spring.thymeleaf.check-template-location=false)
[2024-06-09 23:57:13.013][INFO ][org.springframework.boot.devtools.autoconfigure.OptionalLiveReloadServer][restartedMain][59]LiveReload server is running on port 35729
[2024-06-09 23:57:13.013][INFO ][org.apache.juli.logging.DirectJDKLog][restartedMain][173]Starting ProtocolHandler ["http-nio-8085"]
[2024-06-09 23:57:13.013][INFO ][org.springframework.boot.web.embedded.tomcat.TomcatWebServer][restartedMain][220]Tomcat started on port(s): 8085 (http) with context path ''
[2024-06-09 23:57:13.013][INFO ][org.springframework.boot.StartupInfoLogger][restartedMain][61]Started Challenge4Application in 5.846 seconds (JVM running for 6.486)
[2024-06-09 23:57:13.013][INFO ][com.Binar.Challenge4.Challenge4Application][restartedMain][15]info logging level
[2024-06-09 23:57:13.013][ERROR][com.Binar.Challenge4.Challenge4Application][restartedMain][16]eror logging level
[2024-06-09 23:57:13.013][WARN ][com.Binar.Challenge4.Challenge4Application][restartedMain][17]warning logging level
[2024-06-09 23:57:13.013][ERROR][com.Binar.Challenge4.Challenge4Application][restartedMain][20]Error processing request
[2024-06-09 23:57:42.042][INFO ][org.apache.juli.logging.DirectJDKLog][http-nio-8085-exec-2][173]Initializing Spring DispatcherServlet 'dispatcherServlet'
[2024-06-09 23:57:42.042][INFO ][org.springframework.web.servlet.FrameworkServlet][http-nio-8085-exec-2][525]Initializing Servlet 'dispatcherServlet'
[2024-06-09 23:57:42.042][INFO ][org.springframework.web.servlet.FrameworkServlet][http-nio-8085-exec-2][547]Completed initialization in 1 ms
[2024-06-09 23:57:42.042][ERROR][org.apache.juli.logging.DirectJDKLog][http-nio-8085-exec-2][175]Servlet.service() for servlet [dispatcherServlet] in context with path [] threw exception [Request processing failed; nested exception is java.lang.RuntimeException: Order not found] with root cause
java.lang.RuntimeException: Order not found
	at com.Binar.Challenge4.Service.impl.JesperReportImpl.lambda$getItemReport$0(JesperReportImpl.java:35)
	at java.base/java.util.Optional.orElseThrow(Optional.java:403)
	at com.Binar.Challenge4.Service.impl.JesperReportImpl.getItemReport(JesperReportImpl.java:35)
	at com.Binar.Challenge4.Controller.InvoiceController.getItemReport(InvoiceController.java:26)
	at java.base/jdk.internal.reflect.DirectMethodHandleAccessor.invoke(DirectMethodHandleAccessor.java:104)
	at java.base/java.lang.reflect.Method.invoke(Method.java:577)
	at org.springframework.web.method.support.InvocableHandlerMethod.doInvoke(InvocableHandlerMethod.java:205)
	at org.springframework.web.method.support.InvocableHandlerMethod.invokeForRequest(InvocableHandlerMethod.java:150)
	at org.springframework.web.servlet.mvc.method.annotation.ServletInvocableHandlerMethod.invokeAndHandle(ServletInvocableHandlerMethod.java:117)
	at org.springframework.web.servlet.mvc.method.annotation.RequestMappingHandlerAdapter.invokeHandlerMethod(RequestMappingHandlerAdapter.java:895)
	at org.springframework.web.servlet.mvc.method.annotation.RequestMappingHandlerAdapter.handleInternal(RequestMappingHandlerAdapter.java:808)
	at org.springframework.web.servlet.mvc.method.AbstractHandlerMethodAdapter.handle(AbstractHandlerMethodAdapter.java:87)
	at org.springframework.web.servlet.DispatcherServlet.doDispatch(DispatcherServlet.java:1072)
	at org.springframework.web.servlet.DispatcherServlet.doService(DispatcherServlet.java:965)
	at org.springframework.web.servlet.FrameworkServlet.processRequest(FrameworkServlet.java:1006)
	at org.springframework.web.servlet.FrameworkServlet.doGet(FrameworkServlet.java:898)
	at javax.servlet.http.HttpServlet.service(HttpServlet.java:529)
	at org.springframework.web.servlet.FrameworkServlet.service(FrameworkServlet.java:883)
	at javax.servlet.http.HttpServlet.service(HttpServlet.java:623)
	at org.apache.catalina.core.ApplicationFilterChain.internalDoFilter(ApplicationFilterChain.java:209)
	at org.apache.catalina.core.ApplicationFilterChain.doFilter(ApplicationFilterChain.java:153)
	at org.apache.tomcat.websocket.server.WsFilter.doFilter(WsFilter.java:51)
	at org.apache.catalina.core.ApplicationFilterChain.internalDoFilter(ApplicationFilterChain.java:178)
	at org.apache.catalina.core.ApplicationFilterChain.doFilter(ApplicationFilterChain.java:153)
	at org.springframework.web.servlet.resource.ResourceUrlEncodingFilter.doFilter(ResourceUrlEncodingFilter.java:67)
	at org.apache.catalina.core.ApplicationFilterChain.internalDoFilter(ApplicationFilterChain.java:178)
	at org.apache.catalina.core.ApplicationFilterChain.doFilter(ApplicationFilterChain.java:153)
	at org.springframework.web.filter.RequestContextFilter.doFilterInternal(RequestContextFilter.java:100)
	at org.springframework.web.filter.OncePerRequestFilter.doFilter(OncePerRequestFilter.java:117)
	at org.apache.catalina.core.ApplicationFilterChain.internalDoFilter(ApplicationFilterChain.java:178)
	at org.apache.catalina.core.ApplicationFilterChain.doFilter(ApplicationFilterChain.java:153)
	at org.springframework.web.filter.FormContentFilter.doFilterInternal(FormContentFilter.java:93)
	at org.springframework.web.filter.OncePerRequestFilter.doFilter(OncePerRequestFilter.java:117)
	at org.apache.catalina.core.ApplicationFilterChain.internalDoFilter(ApplicationFilterChain.java:178)
	at org.apache.catalina.core.ApplicationFilterChain.doFilter(ApplicationFilterChain.java:153)
	at org.springframework.web.filter.CharacterEncodingFilter.doFilterInternal(CharacterEncodingFilter.java:201)
	at org.springframework.web.filter.OncePerRequestFilter.doFilter(OncePerRequestFilter.java:117)
	at org.apache.catalina.core.ApplicationFilterChain.internalDoFilter(ApplicationFilterChain.java:178)
	at org.apache.catalina.core.ApplicationFilterChain.doFilter(ApplicationFilterChain.java:153)
	at org.apache.catalina.core.StandardWrapperValve.invoke(StandardWrapperValve.java:167)
	at org.apache.catalina.core.StandardContextValve.invoke(StandardContextValve.java:90)
	at org.apache.catalina.authenticator.AuthenticatorBase.invoke(AuthenticatorBase.java:481)
	at org.apache.catalina.core.StandardHostValve.invoke(StandardHostValve.java:130)
	at org.apache.catalina.valves.ErrorReportValve.invoke(ErrorReportValve.java:93)
	at org.apache.catalina.core.StandardEngineValve.invoke(StandardEngineValve.java:74)
	at org.apache.catalina.connector.CoyoteAdapter.service(CoyoteAdapter.java:343)
	at org.apache.coyote.http11.Http11Processor.service(Http11Processor.java:390)
	at org.apache.coyote.AbstractProcessorLight.process(AbstractProcessorLight.java:63)
	at org.apache.coyote.AbstractProtocol$ConnectionHandler.process(AbstractProtocol.java:926)
	at org.apache.tomcat.util.net.NioEndpoint$SocketProcessor.doRun(NioEndpoint.java:1791)
	at org.apache.tomcat.util.net.SocketProcessorBase.run(SocketProcessorBase.java:52)
	at org.apache.tomcat.util.threads.ThreadPoolExecutor.runWorker(ThreadPoolExecutor.java:1191)
	at org.apache.tomcat.util.threads.ThreadPoolExecutor$Worker.run(ThreadPoolExecutor.java:659)
	at org.apache.tomcat.util.threads.TaskThread$WrappingRunnable.run(TaskThread.java:61)
	at java.base/java.lang.Thread.run(Thread.java:833)
