[2024-07-02 09:10:23.023][INFO ][org.hibernate.validator.internal.util.Version][background-preinit][21]HV000001: Hibernate Validator 6.0.13.Final
[2024-07-02 09:10:23.023][INFO ][org.springframework.boot.StartupInfoLogger][restartedMain][55]Starting Challenge4Application using Java 18.0.2 on LAPTOP-LGPATFI4 with PID 15372 (C:\Users\Affu\Downloads\ChallengeBinar\F-BJV24001114-synrgy7-affu-rst-Challenge 6\target\classes started by Affu in C:\Users\Affu\Downloads\ChallengeBinar\F-BJV24001114-synrgy7-affu-rst-Challenge 6)
[2024-07-02 09:10:23.023][INFO ][org.springframework.boot.SpringApplication][restartedMain][631]No active profile set, falling back to 1 default profile: "default"
[2024-07-02 09:10:23.023][INFO ][org.springframework.boot.logging.DeferredLog][restartedMain][255]Devtools property defaults active! Set 'spring.devtools.add-properties' to 'false' to disable
[2024-07-02 09:10:23.023][INFO ][org.springframework.boot.logging.DeferredLog][restartedMain][255]For additional web related logging consider setting the 'logging.level.web' property to 'DEBUG'
[2024-07-02 09:10:25.025][INFO ][org.springframework.data.repository.config.RepositoryConfigurationDelegate][restartedMain][132]Bootstrapping Spring Data JPA repositories in DEFAULT mode.
[2024-07-02 09:10:25.025][INFO ][org.springframework.data.repository.config.RepositoryConfigurationDelegate][restartedMain][201]Finished Spring Data repository scanning in 122 ms. Found 9 JPA repository interfaces.
[2024-07-02 09:10:27.027][INFO ][org.springframework.boot.web.embedded.tomcat.TomcatWebServer][restartedMain][108]Tomcat initialized with port(s): 8085 (http)
[2024-07-02 09:10:27.027][INFO ][org.apache.juli.logging.DirectJDKLog][restartedMain][173]Initializing ProtocolHandler ["http-nio-8085"]
[2024-07-02 09:10:27.027][INFO ][org.apache.juli.logging.DirectJDKLog][restartedMain][173]Starting service [Tomcat]
[2024-07-02 09:10:27.027][INFO ][org.apache.juli.logging.DirectJDKLog][restartedMain][173]Starting Servlet engine: [Apache Tomcat/9.0.78]
[2024-07-02 09:10:27.027][INFO ][org.apache.juli.logging.DirectJDKLog][restartedMain][173]Initializing Spring embedded WebApplicationContext
[2024-07-02 09:10:27.027][INFO ][org.springframework.boot.web.servlet.context.ServletWebServerApplicationContext][restartedMain][292]Root WebApplicationContext: initialization completed in 3874 ms
[2024-07-02 09:10:27.027][INFO ][org.hibernate.jpa.internal.util.LogHelper][restartedMain][31]HHH000204: Processing PersistenceUnitInfo [name: default]
[2024-07-02 09:10:27.027][INFO ][org.hibernate.Version][restartedMain][44]HHH000412: Hibernate ORM core version 5.6.15.Final
[2024-07-02 09:10:27.027][INFO ][org.hibernate.annotations.common.reflection.java.JavaReflectionManager][restartedMain][56]HCANN000001: Hibernate Commons Annotations {5.1.2.Final}
[2024-07-02 09:10:28.028][INFO ][com.zaxxer.hikari.HikariDataSource][restartedMain][110]HikariPool-1 - Starting...
[2024-07-02 09:10:28.028][INFO ][com.zaxxer.hikari.HikariDataSource][restartedMain][123]HikariPool-1 - Start completed.
[2024-07-02 09:10:28.028][INFO ][org.hibernate.dialect.Dialect][restartedMain][175]HHH000400: Using dialect: org.hibernate.dialect.PostgreSQL10Dialect
[2024-07-02 09:10:29.029][INFO ][org.hibernate.engine.transaction.jta.platform.internal.JtaPlatformInitiator][restartedMain][52]HHH000490: Using JtaPlatform implementation: [org.hibernate.engine.transaction.jta.platform.internal.NoJtaPlatform]
[2024-07-02 09:10:29.029][INFO ][org.springframework.orm.jpa.AbstractEntityManagerFactoryBean][restartedMain][437]Initialized JPA EntityManagerFactory for persistence unit 'default'
[2024-07-02 09:10:30.030][WARN ][org.springframework.boot.autoconfigure.orm.jpa.JpaBaseConfiguration$JpaWebConfiguration][restartedMain][223]spring.jpa.open-in-view is enabled by default. Therefore, database queries may be performed during view rendering. Explicitly configure spring.jpa.open-in-view to disable this warning
[2024-07-02 09:10:30.030][WARN ][org.springframework.security.oauth2.provider.token.store.JwtAccessTokenConverter][restartedMain][302]Unable to create an RSA verifier from verifierKey (ignoreable if using MAC)
[2024-07-02 09:10:32.032][INFO ][org.springframework.security.web.DefaultSecurityFilterChain][restartedMain][55]Will secure Or [Ant [pattern='/oauth/token'], Ant [pattern='/oauth/token_key'], Ant [pattern='/oauth/check_token']] with [org.springframework.security.web.session.DisableEncodeUrlFilter@54496ec3, org.springframework.security.web.context.request.async.WebAsyncManagerIntegrationFilter@3b7353ef, org.springframework.security.web.context.SecurityContextPersistenceFilter@1dad9110, org.springframework.security.web.header.HeaderWriterFilter@1d07ef0d, org.springframework.security.web.authentication.logout.LogoutFilter@4c5441ef, org.springframework.security.oauth2.provider.client.ClientCredentialsTokenEndpointFilter@c82f86d, org.springframework.security.web.authentication.www.BasicAuthenticationFilter@62bb4758, org.springframework.security.web.savedrequest.RequestCacheAwareFilter@20cec164, org.springframework.security.web.servletapi.SecurityContextHolderAwareRequestFilter@193a986d, org.springframework.security.web.authentication.AnonymousAuthenticationFilter@6792b633, org.springframework.security.web.session.SessionManagementFilter@59736475, org.springframework.security.web.access.ExceptionTranslationFilter@26724b8b, org.springframework.security.web.access.intercept.FilterSecurityInterceptor@20df0d45]
[2024-07-02 09:10:32.032][INFO ][org.springframework.security.web.DefaultSecurityFilterChain][restartedMain][55]Will secure Ant [pattern='/**'] with [org.springframework.security.web.session.DisableEncodeUrlFilter@585a3d3b, org.springframework.security.web.context.request.async.WebAsyncManagerIntegrationFilter@863cc32, org.springframework.security.web.context.SecurityContextPersistenceFilter@386285b6, org.springframework.security.web.header.HeaderWriterFilter@5f130074, org.springframework.web.filter.CorsFilter@1f4da3e, org.springframework.security.web.authentication.logout.LogoutFilter@6ad9c27, org.springframework.security.oauth2.provider.authentication.OAuth2AuthenticationProcessingFilter@eecd8b5, com.Binar.Challenge4.config.configoauth.Oauth2ResourceServerConfiguration$1@3cdf8a6e, org.springframework.security.web.authentication.UsernamePasswordAuthenticationFilter@5270628, org.springframework.security.web.authentication.ui.DefaultLoginPageGeneratingFilter@4767a9b3, org.springframework.security.web.authentication.ui.DefaultLogoutPageGeneratingFilter@3565db2b, org.springframework.security.web.savedrequest.RequestCacheAwareFilter@4cf42615, org.springframework.security.web.servletapi.SecurityContextHolderAwareRequestFilter@ba38f5f, org.springframework.security.web.authentication.AnonymousAuthenticationFilter@23f183e9, org.springframework.security.web.session.SessionManagementFilter@40b18727, org.springframework.security.web.access.ExceptionTranslationFilter@78118e69, org.springframework.security.web.access.intercept.FilterSecurityInterceptor@3f96d119]
[2024-07-02 09:10:32.032][INFO ][org.springframework.security.web.DefaultSecurityFilterChain][restartedMain][55]Will secure any request with [org.springframework.security.web.session.DisableEncodeUrlFilter@68dfe5ef, org.springframework.security.web.context.request.async.WebAsyncManagerIntegrationFilter@4d52017f, org.springframework.security.web.context.SecurityContextPersistenceFilter@6c514f93, org.springframework.security.web.header.HeaderWriterFilter@59a01ee8, org.springframework.security.web.csrf.CsrfFilter@566924d9, org.springframework.security.web.authentication.logout.LogoutFilter@6cdc266c, org.springframework.security.web.authentication.UsernamePasswordAuthenticationFilter@436ff2a7, org.springframework.security.web.authentication.ui.DefaultLoginPageGeneratingFilter@6a6035c3, org.springframework.security.web.authentication.ui.DefaultLogoutPageGeneratingFilter@719428b8, org.springframework.security.web.authentication.www.BasicAuthenticationFilter@557d8b53, org.springframework.security.web.savedrequest.RequestCacheAwareFilter@4f85e250, org.springframework.security.web.servletapi.SecurityContextHolderAwareRequestFilter@160bf216, org.springframework.security.web.authentication.AnonymousAuthenticationFilter@480a02ca, org.springframework.security.web.session.SessionManagementFilter@7301e2c6, org.springframework.security.web.access.ExceptionTranslationFilter@7a4b279e, org.springframework.security.web.access.intercept.FilterSecurityInterceptor@11a681da]
[2024-07-02 09:10:32.032][WARN ][org.springframework.boot.autoconfigure.thymeleaf.ThymeleafAutoConfiguration$DefaultTemplateResolverConfiguration][restartedMain][103]Cannot find template location: classpath:/templates/ (please add some templates, check your Thymeleaf configuration, or set spring.thymeleaf.check-template-location=false)
[2024-07-02 09:10:32.032][INFO ][org.springframework.boot.devtools.autoconfigure.OptionalLiveReloadServer][restartedMain][59]LiveReload server is running on port 35729
[2024-07-02 09:10:32.032][INFO ][org.apache.juli.logging.DirectJDKLog][restartedMain][173]Starting ProtocolHandler ["http-nio-8085"]
[2024-07-02 09:10:32.032][INFO ][org.springframework.boot.web.embedded.tomcat.TomcatWebServer][restartedMain][220]Tomcat started on port(s): 8085 (http) with context path ''
[2024-07-02 09:10:32.032][INFO ][org.springframework.boot.StartupInfoLogger][restartedMain][61]Started Challenge4Application in 10.114 seconds (JVM running for 11.017)
[2024-07-02 09:10:33.033][INFO ][com.Binar.Challenge4.Challenge4Application][restartedMain][17]info logging level
[2024-07-02 09:10:33.033][ERROR][com.Binar.Challenge4.Challenge4Application][restartedMain][18]eror logging level
[2024-07-02 09:10:33.033][WARN ][com.Binar.Challenge4.Challenge4Application][restartedMain][19]warning logging level
[2024-07-02 09:10:33.033][ERROR][com.Binar.Challenge4.Challenge4Application][restartedMain][22]Error processing request
[2024-07-02 09:36:43.043][WARN ][com.zaxxer.hikari.pool.HikariPool$HouseKeeper][HikariPool-1 housekeeper][788]HikariPool-1 - Thread starvation or clock leap detected (housekeeper delta=3m14s407ms322µs).
[2024-07-02 10:55:19.019][WARN ][com.zaxxer.hikari.pool.HikariPool$HouseKeeper][HikariPool-1 housekeeper][788]HikariPool-1 - Thread starvation or clock leap detected (housekeeper delta=4m4s747ms792µs800ns).
[2024-07-02 13:26:47.047][WARN ][com.zaxxer.hikari.pool.HikariPool$HouseKeeper][HikariPool-1 housekeeper][788]HikariPool-1 - Thread starvation or clock leap detected (housekeeper delta=11m26s23ms462µs700ns).
[2024-07-02 13:52:41.041][WARN ][com.zaxxer.hikari.pool.HikariPool$HouseKeeper][HikariPool-1 housekeeper][788]HikariPool-1 - Thread starvation or clock leap detected (housekeeper delta=3m53s431ms416µs300ns).
[2024-07-02 14:37:58.058][WARN ][com.zaxxer.hikari.pool.HikariPool$HouseKeeper][HikariPool-1 housekeeper][788]HikariPool-1 - Thread starvation or clock leap detected (housekeeper delta=7m13s223ms175µs100ns).
[2024-07-02 15:46:41.041][WARN ][com.zaxxer.hikari.pool.HikariPool$HouseKeeper][HikariPool-1 housekeeper][788]HikariPool-1 - Thread starvation or clock leap detected (housekeeper delta=58m42s842ms199µs100ns).
[2024-07-02 22:08:06.006][WARN ][com.zaxxer.hikari.pool.HikariPool$HouseKeeper][HikariPool-1 housekeeper][788]HikariPool-1 - Thread starvation or clock leap detected (housekeeper delta=5h11m53s518ms835µs700ns).
[2024-07-02 22:19:36.036][INFO ][org.apache.juli.logging.DirectJDKLog][http-nio-8085-exec-5][173]Initializing Spring DispatcherServlet 'dispatcherServlet'
[2024-07-02 22:19:36.036][INFO ][org.springframework.web.servlet.FrameworkServlet][http-nio-8085-exec-5][525]Initializing Servlet 'dispatcherServlet'
[2024-07-02 22:19:37.037][INFO ][org.springframework.web.servlet.FrameworkServlet][http-nio-8085-exec-5][547]Completed initialization in 165 ms
