[2024-06-19 21:21:32.032][INFO ][org.hibernate.validator.internal.util.Version][background-preinit][21]HV000001: Hibernate Validator 6.0.13.Final
[2024-06-19 21:21:32.032][INFO ][org.springframework.boot.StartupInfoLogger][restartedMain][55]Starting Challenge4Application using Java 18.0.2 on LAPTOP-LGPATFI4 with PID 1036 (C:\Users\Affu\Downloads\ChallengeBinar\F-BJV24001114-synrgy7-affu-rst-Challenge 5\target\classes started by Affu in C:\Users\Affu\Downloads\ChallengeBinar\F-BJV24001114-synrgy7-affu-rst-Challenge 5)
[2024-06-19 21:21:32.032][INFO ][org.springframework.boot.SpringApplication][restartedMain][631]No active profile set, falling back to 1 default profile: "default"
[2024-06-19 21:21:32.032][INFO ][org.springframework.boot.logging.DeferredLog][restartedMain][255]Devtools property defaults active! Set 'spring.devtools.add-properties' to 'false' to disable
[2024-06-19 21:21:32.032][INFO ][org.springframework.boot.logging.DeferredLog][restartedMain][255]For additional web related logging consider setting the 'logging.level.web' property to 'DEBUG'
[2024-06-19 21:21:34.034][INFO ][org.springframework.data.repository.config.RepositoryConfigurationDelegate][restartedMain][132]Bootstrapping Spring Data JPA repositories in DEFAULT mode.
[2024-06-19 21:21:34.034][INFO ][org.springframework.data.repository.config.RepositoryConfigurationDelegate][restartedMain][201]Finished Spring Data repository scanning in 122 ms. Found 9 JPA repository interfaces.
[2024-06-19 21:21:35.035][INFO ][org.springframework.boot.web.embedded.tomcat.TomcatWebServer][restartedMain][108]Tomcat initialized with port(s): 8085 (http)
[2024-06-19 21:21:35.035][INFO ][org.apache.juli.logging.DirectJDKLog][restartedMain][173]Initializing ProtocolHandler ["http-nio-8085"]
[2024-06-19 21:21:35.035][INFO ][org.apache.juli.logging.DirectJDKLog][restartedMain][173]Starting service [Tomcat]
[2024-06-19 21:21:35.035][INFO ][org.apache.juli.logging.DirectJDKLog][restartedMain][173]Starting Servlet engine: [Apache Tomcat/9.0.78]
[2024-06-19 21:21:35.035][INFO ][org.apache.juli.logging.DirectJDKLog][restartedMain][173]Initializing Spring embedded WebApplicationContext
[2024-06-19 21:21:35.035][INFO ][org.springframework.boot.web.servlet.context.ServletWebServerApplicationContext][restartedMain][292]Root WebApplicationContext: initialization completed in 3829 ms
[2024-06-19 21:21:36.036][INFO ][org.hibernate.jpa.internal.util.LogHelper][restartedMain][31]HHH000204: Processing PersistenceUnitInfo [name: default]
[2024-06-19 21:21:36.036][INFO ][org.hibernate.Version][restartedMain][44]HHH000412: Hibernate ORM core version 5.6.15.Final
[2024-06-19 21:21:36.036][INFO ][org.hibernate.annotations.common.reflection.java.JavaReflectionManager][restartedMain][56]HCANN000001: Hibernate Commons Annotations {5.1.2.Final}
[2024-06-19 21:21:36.036][INFO ][com.zaxxer.hikari.HikariDataSource][restartedMain][110]HikariPool-1 - Starting...
[2024-06-19 21:21:37.037][INFO ][com.zaxxer.hikari.HikariDataSource][restartedMain][123]HikariPool-1 - Start completed.
[2024-06-19 21:21:37.037][INFO ][org.hibernate.dialect.Dialect][restartedMain][175]HHH000400: Using dialect: org.hibernate.dialect.PostgreSQL10Dialect
[2024-06-19 21:21:39.039][INFO ][org.hibernate.engine.transaction.jta.platform.internal.JtaPlatformInitiator][restartedMain][52]HHH000490: Using JtaPlatform implementation: [org.hibernate.engine.transaction.jta.platform.internal.NoJtaPlatform]
[2024-06-19 21:21:39.039][INFO ][org.springframework.orm.jpa.AbstractEntityManagerFactoryBean][restartedMain][437]Initialized JPA EntityManagerFactory for persistence unit 'default'
[2024-06-19 21:21:40.040][WARN ][org.springframework.boot.autoconfigure.orm.jpa.JpaBaseConfiguration$JpaWebConfiguration][restartedMain][223]spring.jpa.open-in-view is enabled by default. Therefore, database queries may be performed during view rendering. Explicitly configure spring.jpa.open-in-view to disable this warning
[2024-06-19 21:21:40.040][WARN ][org.springframework.security.oauth2.provider.token.store.JwtAccessTokenConverter][restartedMain][302]Unable to create an RSA verifier from verifierKey (ignoreable if using MAC)
[2024-06-19 21:21:41.041][INFO ][org.springframework.security.web.DefaultSecurityFilterChain][restartedMain][55]Will secure Or [Ant [pattern='/oauth/token'], Ant [pattern='/oauth/token_key'], Ant [pattern='/oauth/check_token']] with [org.springframework.security.web.session.DisableEncodeUrlFilter@72b09aef, org.springframework.security.web.context.request.async.WebAsyncManagerIntegrationFilter@3c12cd26, org.springframework.security.web.context.SecurityContextPersistenceFilter@37bb0310, org.springframework.security.web.header.HeaderWriterFilter@46c46ebe, org.springframework.security.web.authentication.logout.LogoutFilter@653806f8, org.springframework.security.oauth2.provider.client.ClientCredentialsTokenEndpointFilter@52f222d7, org.springframework.security.web.authentication.www.BasicAuthenticationFilter@37f80066, org.springframework.security.web.savedrequest.RequestCacheAwareFilter@4f2b9e9b, org.springframework.security.web.servletapi.SecurityContextHolderAwareRequestFilter@30021d68, org.springframework.security.web.authentication.AnonymousAuthenticationFilter@7b7b78ec, org.springframework.security.web.session.SessionManagementFilter@75d9e872, org.springframework.security.web.access.ExceptionTranslationFilter@548e5b3f, org.springframework.security.web.access.intercept.FilterSecurityInterceptor@601d011c]
[2024-06-19 21:21:42.042][INFO ][org.springframework.security.web.DefaultSecurityFilterChain][restartedMain][55]Will secure Ant [pattern='/**'] with [org.springframework.security.web.session.DisableEncodeUrlFilter@7cc5ab89, org.springframework.security.web.context.request.async.WebAsyncManagerIntegrationFilter@eb0fc80, org.springframework.security.web.context.SecurityContextPersistenceFilter@3bd981f8, org.springframework.security.web.header.HeaderWriterFilter@2913cbb1, org.springframework.web.filter.CorsFilter@4e20c9ba, org.springframework.security.web.authentication.logout.LogoutFilter@e4dd2c0, org.springframework.security.oauth2.provider.authentication.OAuth2AuthenticationProcessingFilter@6d5691d1, com.Binar.Challenge4.config.configoauth.Oauth2ResourceServerConfiguration$1@52f73d56, org.springframework.security.web.authentication.UsernamePasswordAuthenticationFilter@667f469e, org.springframework.security.web.authentication.ui.DefaultLoginPageGeneratingFilter@6d76fef3, org.springframework.security.web.authentication.ui.DefaultLogoutPageGeneratingFilter@3bf5d62, org.springframework.security.web.savedrequest.RequestCacheAwareFilter@34940345, org.springframework.security.web.servletapi.SecurityContextHolderAwareRequestFilter@36d0825, org.springframework.security.web.authentication.AnonymousAuthenticationFilter@ae2f569, org.springframework.security.web.session.SessionManagementFilter@8ecd328, org.springframework.security.web.access.ExceptionTranslationFilter@593acf01, org.springframework.security.web.access.intercept.FilterSecurityInterceptor@65f4b498]
[2024-06-19 21:21:42.042][INFO ][org.springframework.security.web.DefaultSecurityFilterChain][restartedMain][55]Will secure any request with [org.springframework.security.web.session.DisableEncodeUrlFilter@2e17e0cf, org.springframework.security.web.context.request.async.WebAsyncManagerIntegrationFilter@30fc140, org.springframework.security.web.context.SecurityContextPersistenceFilter@3e1a02d2, org.springframework.security.web.header.HeaderWriterFilter@a5f0d92, org.springframework.security.web.csrf.CsrfFilter@204c0319, org.springframework.security.web.authentication.logout.LogoutFilter@34bf4e68, org.springframework.security.web.authentication.UsernamePasswordAuthenticationFilter@130ae557, org.springframework.security.web.authentication.ui.DefaultLoginPageGeneratingFilter@5787f2fb, org.springframework.security.web.authentication.ui.DefaultLogoutPageGeneratingFilter@47ebbc2b, org.springframework.security.web.authentication.www.BasicAuthenticationFilter@5b7a3f41, org.springframework.security.web.savedrequest.RequestCacheAwareFilter@2f544067, org.springframework.security.web.servletapi.SecurityContextHolderAwareRequestFilter@5d95fb82, org.springframework.security.web.authentication.AnonymousAuthenticationFilter@4d6113a0, org.springframework.security.web.session.SessionManagementFilter@7e8e92d1, org.springframework.security.web.access.ExceptionTranslationFilter@760cea7c, org.springframework.security.web.access.intercept.FilterSecurityInterceptor@72bbe1cc]
[2024-06-19 21:21:42.042][WARN ][org.springframework.boot.autoconfigure.thymeleaf.ThymeleafAutoConfiguration$DefaultTemplateResolverConfiguration][restartedMain][103]Cannot find template location: classpath:/templates/ (please add some templates, check your Thymeleaf configuration, or set spring.thymeleaf.check-template-location=false)
[2024-06-19 21:21:42.042][INFO ][org.springframework.boot.devtools.autoconfigure.OptionalLiveReloadServer][restartedMain][59]LiveReload server is running on port 35729
[2024-06-19 21:21:42.042][INFO ][org.apache.juli.logging.DirectJDKLog][restartedMain][173]Starting ProtocolHandler ["http-nio-8085"]
[2024-06-19 21:21:42.042][INFO ][org.springframework.boot.web.embedded.tomcat.TomcatWebServer][restartedMain][220]Tomcat started on port(s): 8085 (http) with context path ''
[2024-06-19 21:21:42.042][INFO ][org.springframework.boot.StartupInfoLogger][restartedMain][61]Started Challenge4Application in 11.442 seconds (JVM running for 12.643)
[2024-06-19 21:21:43.043][INFO ][com.Binar.Challenge4.Challenge4Application][restartedMain][15]info logging level
[2024-06-19 21:21:43.043][ERROR][com.Binar.Challenge4.Challenge4Application][restartedMain][16]eror logging level
[2024-06-19 21:21:43.043][WARN ][com.Binar.Challenge4.Challenge4Application][restartedMain][17]warning logging level
[2024-06-19 21:21:43.043][ERROR][com.Binar.Challenge4.Challenge4Application][restartedMain][20]Error processing request
[2024-06-19 22:21:04.004][INFO ][org.springframework.orm.jpa.AbstractEntityManagerFactoryBean][SpringApplicationShutdownHook][651]Closing JPA EntityManagerFactory for persistence unit 'default'
[2024-06-19 22:21:04.004][INFO ][com.zaxxer.hikari.HikariDataSource][SpringApplicationShutdownHook][350]HikariPool-1 - Shutdown initiated...
[2024-06-19 22:21:04.004][INFO ][com.zaxxer.hikari.HikariDataSource][SpringApplicationShutdownHook][352]HikariPool-1 - Shutdown completed.
[2024-06-19 22:21:12.012][INFO ][org.hibernate.validator.internal.util.Version][background-preinit][21]HV000001: Hibernate Validator 6.0.13.Final
[2024-06-19 22:21:12.012][INFO ][org.springframework.boot.StartupInfoLogger][restartedMain][55]Starting Challenge4Application using Java 18.0.2 on LAPTOP-LGPATFI4 with PID 23888 (C:\Users\Affu\Downloads\ChallengeBinar\F-BJV24001114-synrgy7-affu-rst-Challenge 5\target\classes started by Affu in C:\Users\Affu\Downloads\ChallengeBinar\F-BJV24001114-synrgy7-affu-rst-Challenge 5)
[2024-06-19 22:21:12.012][INFO ][org.springframework.boot.SpringApplication][restartedMain][631]No active profile set, falling back to 1 default profile: "default"
[2024-06-19 22:21:12.012][INFO ][org.springframework.boot.logging.DeferredLog][restartedMain][255]Devtools property defaults active! Set 'spring.devtools.add-properties' to 'false' to disable
[2024-06-19 22:21:12.012][INFO ][org.springframework.boot.logging.DeferredLog][restartedMain][255]For additional web related logging consider setting the 'logging.level.web' property to 'DEBUG'
[2024-06-19 22:21:15.015][INFO ][org.springframework.data.repository.config.RepositoryConfigurationDelegate][restartedMain][132]Bootstrapping Spring Data JPA repositories in DEFAULT mode.
[2024-06-19 22:21:15.015][INFO ][org.springframework.data.repository.config.RepositoryConfigurationDelegate][restartedMain][201]Finished Spring Data repository scanning in 126 ms. Found 9 JPA repository interfaces.
[2024-06-19 22:21:16.016][INFO ][org.springframework.boot.web.embedded.tomcat.TomcatWebServer][restartedMain][108]Tomcat initialized with port(s): 8085 (http)
[2024-06-19 22:21:16.016][INFO ][org.apache.juli.logging.DirectJDKLog][restartedMain][173]Initializing ProtocolHandler ["http-nio-8085"]
[2024-06-19 22:21:16.016][INFO ][org.apache.juli.logging.DirectJDKLog][restartedMain][173]Starting service [Tomcat]
[2024-06-19 22:21:16.016][INFO ][org.apache.juli.logging.DirectJDKLog][restartedMain][173]Starting Servlet engine: [Apache Tomcat/9.0.78]
[2024-06-19 22:21:17.017][INFO ][org.apache.juli.logging.DirectJDKLog][restartedMain][173]Initializing Spring embedded WebApplicationContext
[2024-06-19 22:21:17.017][INFO ][org.springframework.boot.web.servlet.context.ServletWebServerApplicationContext][restartedMain][292]Root WebApplicationContext: initialization completed in 4289 ms
[2024-06-19 22:21:17.017][INFO ][org.hibernate.jpa.internal.util.LogHelper][restartedMain][31]HHH000204: Processing PersistenceUnitInfo [name: default]
[2024-06-19 22:21:17.017][INFO ][org.hibernate.Version][restartedMain][44]HHH000412: Hibernate ORM core version 5.6.15.Final
[2024-06-19 22:21:18.018][INFO ][org.hibernate.annotations.common.reflection.java.JavaReflectionManager][restartedMain][56]HCANN000001: Hibernate Commons Annotations {5.1.2.Final}
[2024-06-19 22:21:18.018][INFO ][com.zaxxer.hikari.HikariDataSource][restartedMain][110]HikariPool-1 - Starting...
[2024-06-19 22:21:18.018][INFO ][com.zaxxer.hikari.HikariDataSource][restartedMain][123]HikariPool-1 - Start completed.
[2024-06-19 22:21:18.018][INFO ][org.hibernate.dialect.Dialect][restartedMain][175]HHH000400: Using dialect: org.hibernate.dialect.PostgreSQL10Dialect
[2024-06-19 22:21:20.020][INFO ][org.hibernate.engine.transaction.jta.platform.internal.JtaPlatformInitiator][restartedMain][52]HHH000490: Using JtaPlatform implementation: [org.hibernate.engine.transaction.jta.platform.internal.NoJtaPlatform]
[2024-06-19 22:21:20.020][INFO ][org.springframework.orm.jpa.AbstractEntityManagerFactoryBean][restartedMain][437]Initialized JPA EntityManagerFactory for persistence unit 'default'
[2024-06-19 22:21:20.020][WARN ][org.springframework.boot.autoconfigure.orm.jpa.JpaBaseConfiguration$JpaWebConfiguration][restartedMain][223]spring.jpa.open-in-view is enabled by default. Therefore, database queries may be performed during view rendering. Explicitly configure spring.jpa.open-in-view to disable this warning
[2024-06-19 22:21:21.021][WARN ][org.springframework.security.oauth2.provider.token.store.JwtAccessTokenConverter][restartedMain][302]Unable to create an RSA verifier from verifierKey (ignoreable if using MAC)
[2024-06-19 22:21:22.022][INFO ][org.springframework.security.web.DefaultSecurityFilterChain][restartedMain][55]Will secure Or [Ant [pattern='/oauth/token'], Ant [pattern='/oauth/token_key'], Ant [pattern='/oauth/check_token']] with [org.springframework.security.web.session.DisableEncodeUrlFilter@2913cbb1, org.springframework.security.web.context.request.async.WebAsyncManagerIntegrationFilter@8ecd328, org.springframework.security.web.context.SecurityContextPersistenceFilter@4ab2ac03, org.springframework.security.web.header.HeaderWriterFilter@5ce58f3c, org.springframework.security.web.authentication.logout.LogoutFilter@7c299e70, org.springframework.security.oauth2.provider.client.ClientCredentialsTokenEndpointFilter@66bf0b6, org.springframework.security.web.authentication.www.BasicAuthenticationFilter@48eed814, org.springframework.security.web.savedrequest.RequestCacheAwareFilter@653806f8, org.springframework.security.web.servletapi.SecurityContextHolderAwareRequestFilter@7697b9bb, org.springframework.security.web.authentication.AnonymousAuthenticationFilter@3bd981f8, org.springframework.security.web.session.SessionManagementFilter@71c0d991, org.springframework.security.web.access.ExceptionTranslationFilter@76c62843, org.springframework.security.web.access.intercept.FilterSecurityInterceptor@3e3fcd04]
[2024-06-19 22:21:22.022][INFO ][org.springframework.security.web.DefaultSecurityFilterChain][restartedMain][55]Will secure Ant [pattern='/**'] with [org.springframework.security.web.session.DisableEncodeUrlFilter@5d95fb82, org.springframework.security.web.context.request.async.WebAsyncManagerIntegrationFilter@5787f2fb, org.springframework.security.web.context.SecurityContextPersistenceFilter@67989b1b, org.springframework.security.web.header.HeaderWriterFilter@1ebf65a0, org.springframework.web.filter.CorsFilter@39e5664b, org.springframework.security.web.authentication.logout.LogoutFilter@4bdb7e42, org.springframework.security.oauth2.provider.authentication.OAuth2AuthenticationProcessingFilter@4be3af9b, com.Binar.Challenge4.config.configoauth.Oauth2ResourceServerConfiguration$1@34bf4e68, org.springframework.security.web.authentication.UsernamePasswordAuthenticationFilter@2f544067, org.springframework.security.web.authentication.ui.DefaultLoginPageGeneratingFilter@6d5691d1, org.springframework.security.web.authentication.ui.DefaultLogoutPageGeneratingFilter@4604ea96, org.springframework.security.web.savedrequest.RequestCacheAwareFilter@10f2b324, org.springframework.security.web.servletapi.SecurityContextHolderAwareRequestFilter@758556ff, org.springframework.security.web.authentication.AnonymousAuthenticationFilter@2e7cc887, org.springframework.security.web.session.SessionManagementFilter@435b621c, org.springframework.security.web.access.ExceptionTranslationFilter@47161175, org.springframework.security.web.access.intercept.FilterSecurityInterceptor@3e1a02d2]
[2024-06-19 22:21:22.022][INFO ][org.springframework.security.web.DefaultSecurityFilterChain][restartedMain][55]Will secure any request with [org.springframework.security.web.session.DisableEncodeUrlFilter@47d08142, org.springframework.security.web.context.request.async.WebAsyncManagerIntegrationFilter@54c441b6, org.springframework.security.web.context.SecurityContextPersistenceFilter@1a6484e2, org.springframework.security.web.header.HeaderWriterFilter@3a9d7464, org.springframework.security.web.csrf.CsrfFilter@3341a1aa, org.springframework.security.web.authentication.logout.LogoutFilter@61d74f88, org.springframework.security.web.authentication.UsernamePasswordAuthenticationFilter@65af1050, org.springframework.security.web.authentication.ui.DefaultLoginPageGeneratingFilter@66769803, org.springframework.security.web.authentication.ui.DefaultLogoutPageGeneratingFilter@49f4e6ee, org.springframework.security.web.authentication.www.BasicAuthenticationFilter@a6cee9f, org.springframework.security.web.savedrequest.RequestCacheAwareFilter@227372d0, org.springframework.security.web.servletapi.SecurityContextHolderAwareRequestFilter@731c1cae, org.springframework.security.web.authentication.AnonymousAuthenticationFilter@2401f159, org.springframework.security.web.session.SessionManagementFilter@24162d3b, org.springframework.security.web.access.ExceptionTranslationFilter@4ffeea34, org.springframework.security.web.access.intercept.FilterSecurityInterceptor@79bd4741]
[2024-06-19 22:21:22.022][WARN ][org.springframework.boot.autoconfigure.thymeleaf.ThymeleafAutoConfiguration$DefaultTemplateResolverConfiguration][restartedMain][103]Cannot find template location: classpath:/templates/ (please add some templates, check your Thymeleaf configuration, or set spring.thymeleaf.check-template-location=false)
[2024-06-19 22:21:22.022][INFO ][org.springframework.boot.devtools.autoconfigure.OptionalLiveReloadServer][restartedMain][59]LiveReload server is running on port 35729
[2024-06-19 22:21:22.022][INFO ][org.apache.juli.logging.DirectJDKLog][restartedMain][173]Starting ProtocolHandler ["http-nio-8085"]
[2024-06-19 22:21:22.022][INFO ][org.springframework.boot.web.embedded.tomcat.TomcatWebServer][restartedMain][220]Tomcat started on port(s): 8085 (http) with context path ''
[2024-06-19 22:21:22.022][INFO ][org.springframework.boot.StartupInfoLogger][restartedMain][61]Started Challenge4Application in 10.684 seconds (JVM running for 11.279)
[2024-06-19 22:21:23.023][INFO ][com.Binar.Challenge4.Challenge4Application][restartedMain][15]info logging level
[2024-06-19 22:21:23.023][ERROR][com.Binar.Challenge4.Challenge4Application][restartedMain][16]eror logging level
[2024-06-19 22:21:23.023][WARN ][com.Binar.Challenge4.Challenge4Application][restartedMain][17]warning logging level
[2024-06-19 22:21:23.023][ERROR][com.Binar.Challenge4.Challenge4Application][restartedMain][20]Error processing request
[2024-06-19 22:35:17.017][INFO ][org.springframework.orm.jpa.AbstractEntityManagerFactoryBean][SpringApplicationShutdownHook][651]Closing JPA EntityManagerFactory for persistence unit 'default'
[2024-06-19 22:35:18.018][INFO ][com.zaxxer.hikari.HikariDataSource][SpringApplicationShutdownHook][350]HikariPool-1 - Shutdown initiated...
[2024-06-19 22:35:18.018][INFO ][com.zaxxer.hikari.HikariDataSource][SpringApplicationShutdownHook][352]HikariPool-1 - Shutdown completed.
[2024-06-19 22:35:24.024][INFO ][org.hibernate.validator.internal.util.Version][background-preinit][21]HV000001: Hibernate Validator 6.0.13.Final
[2024-06-19 22:35:24.024][INFO ][org.springframework.boot.StartupInfoLogger][restartedMain][55]Starting Challenge4Application using Java 18.0.2 on LAPTOP-LGPATFI4 with PID 25792 (C:\Users\Affu\Downloads\ChallengeBinar\F-BJV24001114-synrgy7-affu-rst-Challenge 5\target\classes started by Affu in C:\Users\Affu\Downloads\ChallengeBinar\F-BJV24001114-synrgy7-affu-rst-Challenge 5)
[2024-06-19 22:35:24.024][INFO ][org.springframework.boot.SpringApplication][restartedMain][631]No active profile set, falling back to 1 default profile: "default"
[2024-06-19 22:35:24.024][INFO ][org.springframework.boot.logging.DeferredLog][restartedMain][255]Devtools property defaults active! Set 'spring.devtools.add-properties' to 'false' to disable
[2024-06-19 22:35:24.024][INFO ][org.springframework.boot.logging.DeferredLog][restartedMain][255]For additional web related logging consider setting the 'logging.level.web' property to 'DEBUG'
[2024-06-19 22:35:25.025][INFO ][org.springframework.data.repository.config.RepositoryConfigurationDelegate][restartedMain][132]Bootstrapping Spring Data JPA repositories in DEFAULT mode.
[2024-06-19 22:35:25.025][INFO ][org.springframework.data.repository.config.RepositoryConfigurationDelegate][restartedMain][201]Finished Spring Data repository scanning in 100 ms. Found 9 JPA repository interfaces.
[2024-06-19 22:35:27.027][INFO ][org.springframework.boot.web.embedded.tomcat.TomcatWebServer][restartedMain][108]Tomcat initialized with port(s): 8085 (http)
[2024-06-19 22:35:27.027][INFO ][org.apache.juli.logging.DirectJDKLog][restartedMain][173]Initializing ProtocolHandler ["http-nio-8085"]
[2024-06-19 22:35:27.027][INFO ][org.apache.juli.logging.DirectJDKLog][restartedMain][173]Starting service [Tomcat]
[2024-06-19 22:35:27.027][INFO ][org.apache.juli.logging.DirectJDKLog][restartedMain][173]Starting Servlet engine: [Apache Tomcat/9.0.78]
[2024-06-19 22:35:27.027][INFO ][org.apache.juli.logging.DirectJDKLog][restartedMain][173]Initializing Spring embedded WebApplicationContext
[2024-06-19 22:35:27.027][INFO ][org.springframework.boot.web.servlet.context.ServletWebServerApplicationContext][restartedMain][292]Root WebApplicationContext: initialization completed in 2467 ms
[2024-06-19 22:35:27.027][INFO ][org.hibernate.jpa.internal.util.LogHelper][restartedMain][31]HHH000204: Processing PersistenceUnitInfo [name: default]
[2024-06-19 22:35:28.028][INFO ][org.hibernate.Version][restartedMain][44]HHH000412: Hibernate ORM core version 5.6.15.Final
[2024-06-19 22:35:28.028][INFO ][org.hibernate.annotations.common.reflection.java.JavaReflectionManager][restartedMain][56]HCANN000001: Hibernate Commons Annotations {5.1.2.Final}
[2024-06-19 22:35:28.028][INFO ][com.zaxxer.hikari.HikariDataSource][restartedMain][110]HikariPool-1 - Starting...
[2024-06-19 22:35:29.029][INFO ][com.zaxxer.hikari.HikariDataSource][restartedMain][123]HikariPool-1 - Start completed.
[2024-06-19 22:35:29.029][INFO ][org.hibernate.dialect.Dialect][restartedMain][175]HHH000400: Using dialect: org.hibernate.dialect.PostgreSQL10Dialect
[2024-06-19 22:35:30.030][INFO ][org.hibernate.engine.transaction.jta.platform.internal.JtaPlatformInitiator][restartedMain][52]HHH000490: Using JtaPlatform implementation: [org.hibernate.engine.transaction.jta.platform.internal.NoJtaPlatform]
[2024-06-19 22:35:30.030][INFO ][org.springframework.orm.jpa.AbstractEntityManagerFactoryBean][restartedMain][437]Initialized JPA EntityManagerFactory for persistence unit 'default'
[2024-06-19 22:35:31.031][WARN ][org.springframework.boot.autoconfigure.orm.jpa.JpaBaseConfiguration$JpaWebConfiguration][restartedMain][223]spring.jpa.open-in-view is enabled by default. Therefore, database queries may be performed during view rendering. Explicitly configure spring.jpa.open-in-view to disable this warning
[2024-06-19 22:35:32.032][WARN ][org.springframework.security.oauth2.provider.token.store.JwtAccessTokenConverter][restartedMain][302]Unable to create an RSA verifier from verifierKey (ignoreable if using MAC)
[2024-06-19 22:35:33.033][INFO ][org.springframework.security.web.DefaultSecurityFilterChain][restartedMain][55]Will secure Or [Ant [pattern='/oauth/token'], Ant [pattern='/oauth/token_key'], Ant [pattern='/oauth/check_token']] with [org.springframework.security.web.session.DisableEncodeUrlFilter@1dba9950, org.springframework.security.web.context.request.async.WebAsyncManagerIntegrationFilter@4a9fbb63, org.springframework.security.web.context.SecurityContextPersistenceFilter@33ebff1e, org.springframework.security.web.header.HeaderWriterFilter@7c6941e5, org.springframework.security.web.authentication.logout.LogoutFilter@576ddea1, org.springframework.security.oauth2.provider.client.ClientCredentialsTokenEndpointFilter@27b6221e, org.springframework.security.web.authentication.www.BasicAuthenticationFilter@6f862684, org.springframework.security.web.savedrequest.RequestCacheAwareFilter@5ed3da71, org.springframework.security.web.servletapi.SecurityContextHolderAwareRequestFilter@5bf086f9, org.springframework.security.web.authentication.AnonymousAuthenticationFilter@5475b856, org.springframework.security.web.session.SessionManagementFilter@6dd85776, org.springframework.security.web.access.ExceptionTranslationFilter@20699b, org.springframework.security.web.access.intercept.FilterSecurityInterceptor@79cccde7]
[2024-06-19 22:35:34.034][INFO ][org.springframework.security.web.DefaultSecurityFilterChain][restartedMain][55]Will secure Ant [pattern='/**'] with [org.springframework.security.web.session.DisableEncodeUrlFilter@3817d510, org.springframework.security.web.context.request.async.WebAsyncManagerIntegrationFilter@e35028, org.springframework.security.web.context.SecurityContextPersistenceFilter@4e737e00, org.springframework.security.web.header.HeaderWriterFilter@4a8dfa54, org.springframework.web.filter.CorsFilter@126cad81, org.springframework.security.web.authentication.logout.LogoutFilter@7c8a24ae, org.springframework.security.oauth2.provider.authentication.OAuth2AuthenticationProcessingFilter@199eddca, com.Binar.Challenge4.config.configoauth.Oauth2ResourceServerConfiguration$1@3a3ec9ff, org.springframework.security.web.authentication.UsernamePasswordAuthenticationFilter@77dbf43f, org.springframework.security.web.authentication.ui.DefaultLoginPageGeneratingFilter@727c5f74, org.springframework.security.web.authentication.ui.DefaultLogoutPageGeneratingFilter@3c0734fd, org.springframework.security.web.savedrequest.RequestCacheAwareFilter@7e84bfe9, org.springframework.security.web.servletapi.SecurityContextHolderAwareRequestFilter@5bfeb537, org.springframework.security.web.authentication.AnonymousAuthenticationFilter@267f4145, org.springframework.security.web.session.SessionManagementFilter@4afc7af6, org.springframework.security.web.access.ExceptionTranslationFilter@62ba5fb8, org.springframework.security.web.access.intercept.FilterSecurityInterceptor@685f4855]
[2024-06-19 22:35:34.034][INFO ][org.springframework.security.web.DefaultSecurityFilterChain][restartedMain][55]Will secure any request with [org.springframework.security.web.session.DisableEncodeUrlFilter@6e985887, org.springframework.security.web.context.request.async.WebAsyncManagerIntegrationFilter@2c39f781, org.springframework.security.web.context.SecurityContextPersistenceFilter@5106508d, org.springframework.security.web.header.HeaderWriterFilter@2784a80b, org.springframework.security.web.csrf.CsrfFilter@276218ac, org.springframework.security.web.authentication.logout.LogoutFilter@aaacbaa, org.springframework.security.web.authentication.UsernamePasswordAuthenticationFilter@3be0d236, org.springframework.security.web.authentication.ui.DefaultLoginPageGeneratingFilter@7b794d04, org.springframework.security.web.authentication.ui.DefaultLogoutPageGeneratingFilter@11f5f152, org.springframework.security.web.authentication.www.BasicAuthenticationFilter@2bb15c11, org.springframework.security.web.savedrequest.RequestCacheAwareFilter@2be728f7, org.springframework.security.web.servletapi.SecurityContextHolderAwareRequestFilter@29210970, org.springframework.security.web.authentication.AnonymousAuthenticationFilter@300576a9, org.springframework.security.web.session.SessionManagementFilter@6696838b, org.springframework.security.web.access.ExceptionTranslationFilter@6d92f133, org.springframework.security.web.access.intercept.FilterSecurityInterceptor@196b6114]
[2024-06-19 22:35:34.034][WARN ][org.springframework.boot.autoconfigure.thymeleaf.ThymeleafAutoConfiguration$DefaultTemplateResolverConfiguration][restartedMain][103]Cannot find template location: classpath:/templates/ (please add some templates, check your Thymeleaf configuration, or set spring.thymeleaf.check-template-location=false)
[2024-06-19 22:35:34.034][INFO ][org.springframework.boot.devtools.autoconfigure.OptionalLiveReloadServer][restartedMain][59]LiveReload server is running on port 35729
[2024-06-19 22:35:34.034][INFO ][org.apache.juli.logging.DirectJDKLog][restartedMain][173]Starting ProtocolHandler ["http-nio-8085"]
[2024-06-19 22:35:34.034][INFO ][org.springframework.boot.web.embedded.tomcat.TomcatWebServer][restartedMain][220]Tomcat started on port(s): 8085 (http) with context path ''
[2024-06-19 22:35:34.034][INFO ][org.springframework.boot.StartupInfoLogger][restartedMain][61]Started Challenge4Application in 10.324 seconds (JVM running for 11.024)
[2024-06-19 22:35:35.035][INFO ][com.Binar.Challenge4.Challenge4Application][restartedMain][15]info logging level
[2024-06-19 22:35:35.035][ERROR][com.Binar.Challenge4.Challenge4Application][restartedMain][16]eror logging level
[2024-06-19 22:35:35.035][WARN ][com.Binar.Challenge4.Challenge4Application][restartedMain][17]warning logging level
[2024-06-19 22:35:35.035][ERROR][com.Binar.Challenge4.Challenge4Application][restartedMain][20]Error processing request
